<?xml version="1.0" encoding="UTF-8"?>
<!-- Generated by org.testng.reporters.JUnitReportReporter -->
<testsuite hostname="DESKTOP-VLDBCGJ" failures="0" tests="1" name="com.inetBanking.testCases.TC_LoginTest_001" time="7.232" errors="0" timestamp="2021-03-04T10:40:44 IST" skipped="0">
  <testcase classname="com.inetBanking.testCases.TC_LoginTest_001" name="loginTest" time="7.232"/>
  <system-out/>
</testsuite> <!-- com.inetBanking.testCases.TC_LoginTest_001 -->
