<?xml version="1.0" encoding="UTF-8"?>
<!-- Generated by org.testng.reporters.JUnitReportReporter -->
<testsuite hostname="DESKTOP-VLDBCGJ" failures="0" tests="1" name="com.inetBanking.testCases.TC_LoginTest_001" time="18.205" errors="0" timestamp="2021-03-07T17:13:49 IST" skipped="0">
  <testcase classname="com.inetBanking.testCases.TC_LoginTest_001" name="loginTest" time="18.205"/>
  <system-out/>
</testsuite> <!-- com.inetBanking.testCases.TC_LoginTest_001 -->
